<?xml version="1.0" encoding="UTF-8"?>
<!-- Generated by org.testng.reporters.JUnitReportReporter -->
<testsuite hostname="KEWI666.local" name="secondTest.UserRegistration" tests="1" failures="0" timestamp="23 Jul 2015 09:06:52 GMT" time="8.298" errors="0">
  <testcase name="UserRegistrationTest" time="8.298" classname="secondTest.UserRegistration"/>
</testsuite> <!-- secondTest.UserRegistration -->
