<?xml version="1.0" encoding="UTF-8"?>
<!-- Generated by org.testng.reporters.JUnitReportReporter -->
<testsuite hostname="KEWI666.local" name="secondTest.UserRegistrationTests" tests="1" failures="0" timestamp="23 Jul 2015 09:02:21 GMT" time="24.456" errors="0">
  <testcase name="NewUserCheckout" time="24.456" classname="secondTest.UserRegistrationTests"/>
</testsuite> <!-- secondTest.UserRegistrationTests -->
