<?xml version="1.0" encoding="UTF-8"?>
<!-- Generated by org.testng.reporters.JUnitReportReporter -->
<testsuite hostname="KEWI666.local" name="secondTest.ExistingUserCheckout" tests="1" failures="0" timestamp="23 Jul 2015 09:58:21 GMT" time="7.781" errors="0">
  <testcase name="NewUserCheckout" time="7.781" classname="secondTest.ExistingUserCheckout"/>
</testsuite> <!-- secondTest.ExistingUserCheckout -->
