<?xml version="1.0" encoding="UTF-8"?>
<!-- Generated by org.testng.reporters.JUnitReportReporter -->
<testsuite hostname="KEWI666.local" name="secondTest.Annotations" tests="2" failures="0" timestamp="16 Jul 2015 15:07:07 GMT" time="0.007" errors="0">
  <testcase name="testCase2" time="0.002" classname="secondTest.Annotations"/>
  <testcase name="testCase1" time="0.005" classname="secondTest.Annotations"/>
</testsuite> <!-- secondTest.Annotations -->
